EDA Netlist Writer report for de0_nano_system
Mon Feb 22 14:03:36 2016
Quartus II 32-bit Version 12.1 Build 243 01/31/2013 Service Pack 1 SJ Full Version


---------------------
; Table of Contents ;
---------------------
  1. Legal Notice
  2. EDA Netlist Writer Summary
  3. Simulation Settings
  4. Simulation Generated Files
  5. EDA Netlist Writer Messages



----------------
; Legal Notice ;
----------------
Copyright (C) 1991-2012 Altera Corporation
Your use of Altera Corporation's design tools, logic functions 
and other software and tools, and its AMPP partner logic 
functions, and any output files from any of the foregoing 
(including device programming or simulation files), and any 
associated documentation or information are expressly subject 
to the terms and conditions of the Altera Program License 
Subscription Agreement, Altera MegaCore Function License 
Agreement, or other applicable license agreement, including, 
without limitation, that your use is for the sole purpose of 
programming logic devices manufactured by Altera and sold by 
Altera or its authorized distributors.  Please refer to the 
applicable agreement for further details.



+-------------------------------------------------------------------+
; EDA Netlist Writer Summary                                        ;
+---------------------------+---------------------------------------+
; EDA Netlist Writer Status ; Successful - Mon Feb 22 14:03:36 2016 ;
; Revision Name             ; de0_nano_system                       ;
; Top-level Entity Name     ; de0_nano_system                       ;
; Family                    ; Cyclone IV E                          ;
; Simulation Files Creation ; Successful                            ;
+---------------------------+---------------------------------------+


+---------------------------------------------------------------------------------------------------------------------+
; Simulation Settings                                                                                                 ;
+---------------------------------------------------------------------------------------------------+-----------------+
; Option                                                                                            ; Setting         ;
+---------------------------------------------------------------------------------------------------+-----------------+
; Tool Name                                                                                         ; ModelSim (VHDL) ;
; Generate netlist for functional simulation only                                                   ; Off             ;
; Time scale                                                                                        ; 1 ps            ;
; Truncate long hierarchy paths                                                                     ; Off             ;
; Map illegal HDL characters                                                                        ; Off             ;
; Flatten buses into individual nodes                                                               ; Off             ;
; Maintain hierarchy                                                                                ; Off             ;
; Bring out device-wide set/reset signals as ports                                                  ; Off             ;
; Enable glitch filtering                                                                           ; Off             ;
; Do not write top level VHDL entity                                                                ; Off             ;
; Disable detection of setup and hold time violations in the input registers of bi-directional pins ; Off             ;
; Architecture name in VHDL output netlist                                                          ; structure       ;
; Generate third-party EDA tool command script for RTL functional simulation                        ; Off             ;
; Generate third-party EDA tool command script for gate-level simulation                            ; Off             ;
+---------------------------------------------------------------------------------------------------+-----------------+


+------------------------------------------------------------------------------------------------------------------------------+
; Simulation Generated Files                                                                                                   ;
+------------------------------------------------------------------------------------------------------------------------------+
; Generated Files                                                                                                              ;
+------------------------------------------------------------------------------------------------------------------------------+
; /afs/ualberta.ca/home/c/b/cbotto/Documents/ECE492_Lab/DE0NANO/simulation/modelsim/de0_nano_system_6_1200mv_85c_slow.vho      ;
; /afs/ualberta.ca/home/c/b/cbotto/Documents/ECE492_Lab/DE0NANO/simulation/modelsim/de0_nano_system_6_1200mv_0c_slow.vho       ;
; /afs/ualberta.ca/home/c/b/cbotto/Documents/ECE492_Lab/DE0NANO/simulation/modelsim/de0_nano_system_min_1200mv_0c_fast.vho     ;
; /afs/ualberta.ca/home/c/b/cbotto/Documents/ECE492_Lab/DE0NANO/simulation/modelsim/de0_nano_system.vho                        ;
; /afs/ualberta.ca/home/c/b/cbotto/Documents/ECE492_Lab/DE0NANO/simulation/modelsim/de0_nano_system_6_1200mv_85c_vhd_slow.sdo  ;
; /afs/ualberta.ca/home/c/b/cbotto/Documents/ECE492_Lab/DE0NANO/simulation/modelsim/de0_nano_system_6_1200mv_0c_vhd_slow.sdo   ;
; /afs/ualberta.ca/home/c/b/cbotto/Documents/ECE492_Lab/DE0NANO/simulation/modelsim/de0_nano_system_min_1200mv_0c_vhd_fast.sdo ;
; /afs/ualberta.ca/home/c/b/cbotto/Documents/ECE492_Lab/DE0NANO/simulation/modelsim/de0_nano_system_vhd.sdo                    ;
+------------------------------------------------------------------------------------------------------------------------------+


+-----------------------------+
; EDA Netlist Writer Messages ;
+-----------------------------+
Info: *******************************************************************
Info: Running Quartus II 32-bit EDA Netlist Writer
    Info: Version 12.1 Build 243 01/31/2013 Service Pack 1 SJ Full Version
    Info: Processing started: Mon Feb 22 14:03:25 2016
Info: Command: quartus_eda --read_settings_files=off --write_settings_files=off de0_nano_system -c de0_nano_system
Info (204019): Generated file de0_nano_system_6_1200mv_85c_slow.vho in folder "/afs/ualberta.ca/home/c/b/cbotto/Documents/ECE492_Lab/DE0NANO/simulation/modelsim/" for EDA simulation tool
Info (204019): Generated file de0_nano_system_6_1200mv_0c_slow.vho in folder "/afs/ualberta.ca/home/c/b/cbotto/Documents/ECE492_Lab/DE0NANO/simulation/modelsim/" for EDA simulation tool
Info (204019): Generated file de0_nano_system_min_1200mv_0c_fast.vho in folder "/afs/ualberta.ca/home/c/b/cbotto/Documents/ECE492_Lab/DE0NANO/simulation/modelsim/" for EDA simulation tool
Info (204019): Generated file de0_nano_system.vho in folder "/afs/ualberta.ca/home/c/b/cbotto/Documents/ECE492_Lab/DE0NANO/simulation/modelsim/" for EDA simulation tool
Info (204019): Generated file de0_nano_system_6_1200mv_85c_vhd_slow.sdo in folder "/afs/ualberta.ca/home/c/b/cbotto/Documents/ECE492_Lab/DE0NANO/simulation/modelsim/" for EDA simulation tool
Info (204019): Generated file de0_nano_system_6_1200mv_0c_vhd_slow.sdo in folder "/afs/ualberta.ca/home/c/b/cbotto/Documents/ECE492_Lab/DE0NANO/simulation/modelsim/" for EDA simulation tool
Info (204019): Generated file de0_nano_system_min_1200mv_0c_vhd_fast.sdo in folder "/afs/ualberta.ca/home/c/b/cbotto/Documents/ECE492_Lab/DE0NANO/simulation/modelsim/" for EDA simulation tool
Info (204019): Generated file de0_nano_system_vhd.sdo in folder "/afs/ualberta.ca/home/c/b/cbotto/Documents/ECE492_Lab/DE0NANO/simulation/modelsim/" for EDA simulation tool
Info: Quartus II 32-bit EDA Netlist Writer was successful. 0 errors, 0 warnings
    Info: Peak virtual memory: 350 megabytes
    Info: Processing ended: Mon Feb 22 14:03:36 2016
    Info: Elapsed time: 00:00:11
    Info: Total CPU time (on all processors): 00:00:07


